====================================================================
Using PRMS Parameter File: sagehen_50m_par_0.params
Description: Generated by Gsflow python Package....
====================================================================
Comment lines:
Version : --.--
====================================================================
Using dimensions    number
ndays                366
ndepl                  1
nlake                  0
nmonths               12
nrain                  1
ntemp                  1
one                    1
nsegment              17
nreach               350
ngw                20562
ngwcell            20562
nhru               20562
nhrucell           20562
nssr               20562
ncascade           10994
ncascdgw           10994
ndeplval              11
nsub                   1
nobs                   1
====================================================================

               Precipitation-Runoff Modeling System (PRMS)
                       Version 5.3.0 03/01/2022

        Process            Available Modules
--------------------------------------------------------------------
  Basin Definition: basin
    Cascading Flow: cascade
  Time Series Data: obs, water_use_read, dynamic_param_read
   Potet Solar Rad: soltab
  Temperature Dist: temp_1sta, temp_laps, temp_dist2, climate_hru,
                    temp_map
       Precip Dist: precip_1sta, precip_laps, precip_dist2,
                    climate_hru, precip_map
Temp & Precip Dist: xyz_dist, ide_dist
    Solar Rad Dist: ccsolrad, ddsolrad, climate_hru
Transpiration Dist: transp_tindex, climate_hru, transp_frost
      Potential ET: potet_hamon, potet_jh, potet_pan, climate_hru,
                    potet_hs, potet_pt, potet_pm, potet_pm_sta
      Interception: intcp
Snow & Glacr Dynam: snowcomp, glacr_melt
    Surface Runoff: srunoff_smidx, srunoff_carea
         Soil Zone: soilzone, soilzone_ag
       Groundwater: gwflow
Streamflow Routing: strmflow, strmflow_in_out, muskingum,
                    muskingum_lake, muskingum_mann
Stream Temperature: stream_temp
    Output Summary: basin_sum, subbasin, map_results, prms_summary,
                    nhru_summary, nsub_summary, water_balance
                    basin_summary, nsegment_summary, statvar_out
     Preprocessing: write_climate_hru, frost_date
--------------------------------------------------------------------


    Active modules listed in the order in which they are called

        Process                    Module         Version Date
==============================================================
PRMS Computation Order          gsflow_prms         2022-03-01
Read Control File               read_control_file   2022-02-23
Read Parameter File             read_parameter_file 2022-01-12
Read Data File                  read_data_file      2022-01-12


====================================================================
Using PRMS Data File: sagehen_50m_dat.data
Title: PRMS datafile
====================================================================
Comment lines:
====================================================================
measured variables
tmax 1
tmin 1
precip 1
runoff 1
====================================================================
 Data File time period: 1980/10/01 00:00:00 to 2007/06/30 00:00:00
Simulation time period: 1982/10/01 00:00:00 to 1996/09/31 00:00:00
====================================================================
Basin Definition                basin               2022-02-10
Cascading Flow                  cascade             2021-11-19
Common States and Fluxes        climateflow         2022-02-18
Potential Solar Radiation       soltab              2021-09-07
Time Series Data                obs                 2022-01-12
Timestep Control                prms_time           2021-11-19
Temperature Distribution        temp_1sta           2021-11-19
Precipitation Distribution      precip_1sta         2022-02-18
Solar Radiation Distribution    ddsolrad            2021-11-19
Transpiration Distribution      transp_tindex       2021-09-07
Potential Evapotranspiration    potet_jh            2021-11-19
